2016-12-04 10:42:59,177 INFO  [Log] **************************************************************************************** 
2016-12-04 10:42:59,177 INFO  [Log] **                    START TEST EXECUTION Calendar_Year_TC01                       ** 
2016-12-04 10:42:59,177 INFO  [Log] **************************************************************************************** 
2016-12-04 10:42:59,178 INFO  [Log] Config initialised 
2016-12-04 10:43:05,682 INFO  [Log] Driver initialised 
2016-12-04 10:43:05,779 INFO  [Log] Navigating to app 
2016-12-04 10:43:07,215 INFO  [Log] Changing year 
2016-12-04 10:43:07,222 FATAL [Log] TEST FAILED 
2016-12-04 10:43:07,236 INFO  [Log] **************************************************************************************** 
2016-12-04 10:43:07,236 INFO  [Log] **                    END OF TEST EXECUTION Calendar_Year_TC01                      ** 
2016-12-04 10:43:07,236 INFO  [Log] **************************************************************************************** 
2016-12-04 10:44:09,219 INFO  [Log] **************************************************************************************** 
2016-12-04 10:44:09,219 INFO  [Log] **                    START TEST EXECUTION Calendar_Year_TC01                       ** 
2016-12-04 10:44:09,220 INFO  [Log] **************************************************************************************** 
2016-12-04 10:44:09,220 INFO  [Log] Config initialised 
2016-12-04 10:44:15,485 INFO  [Log] Driver initialised 
2016-12-04 10:44:15,571 INFO  [Log] Navigating to app 
2016-12-04 10:44:16,781 INFO  [Log] Changing year 
2016-12-04 10:44:16,787 FATAL [Log] TEST FAILED 
2016-12-04 10:44:16,802 INFO  [Log] **************************************************************************************** 
2016-12-04 10:44:16,802 INFO  [Log] **                    END OF TEST EXECUTION Calendar_Year_TC01                      ** 
2016-12-04 10:44:16,802 INFO  [Log] **************************************************************************************** 
2016-12-04 10:45:48,785 INFO  [Log] **************************************************************************************** 
2016-12-04 10:45:48,786 INFO  [Log] **                    START TEST EXECUTION Calendar_Year_TC01                       ** 
2016-12-04 10:45:48,786 INFO  [Log] **************************************************************************************** 
2016-12-04 10:45:48,786 INFO  [Log] Config initialised 
2016-12-04 10:45:55,165 INFO  [Log] Driver initialised 
2016-12-04 10:45:55,244 INFO  [Log] Navigating to app 
2016-12-04 10:45:56,491 INFO  [Log] Changing year 
2016-12-04 10:45:56,496 FATAL [Log] TEST FAILED 
2016-12-04 10:45:56,501 INFO  [Log] **************************************************************************************** 
2016-12-04 10:45:56,501 INFO  [Log] **                    END OF TEST EXECUTION Calendar_Year_TC01                      ** 
2016-12-04 10:45:56,501 INFO  [Log] **************************************************************************************** 
2016-12-04 10:46:41,521 INFO  [Log] **************************************************************************************** 
2016-12-04 10:46:41,522 INFO  [Log] **                    START TEST EXECUTION Calendar_Year_TC01                       ** 
2016-12-04 10:46:41,522 INFO  [Log] **************************************************************************************** 
2016-12-04 10:46:41,522 INFO  [Log] Config initialised 
2016-12-04 10:46:47,467 INFO  [Log] Driver initialised 
2016-12-04 10:46:47,525 INFO  [Log] Navigating to app 
2016-12-04 10:46:48,706 INFO  [Log] Changing year 
2016-12-04 10:46:48,717 FATAL [Log] TEST FAILED 
2016-12-04 10:46:48,732 INFO  [Log] **************************************************************************************** 
2016-12-04 10:46:48,732 INFO  [Log] **                    END OF TEST EXECUTION Calendar_Year_TC01                      ** 
2016-12-04 10:46:48,732 INFO  [Log] **************************************************************************************** 
2016-12-04 10:48:08,768 INFO  [Log] **************************************************************************************** 
2016-12-04 10:48:08,768 INFO  [Log] **                    START TEST EXECUTION Calendar_Year_TC01                       ** 
2016-12-04 10:48:08,768 INFO  [Log] **************************************************************************************** 
2016-12-04 10:48:08,768 INFO  [Log] Config initialised 
2016-12-04 10:48:14,831 INFO  [Log] Driver initialised 
2016-12-04 10:48:14,880 INFO  [Log] Navigating to app 
2016-12-04 10:48:16,318 INFO  [Log] Changing year 
2016-12-04 10:48:16,325 FATAL [Log] TEST FAILED 
2016-12-04 10:48:16,340 INFO  [Log] **************************************************************************************** 
2016-12-04 10:48:16,340 INFO  [Log] **                    END OF TEST EXECUTION Calendar_Year_TC01                      ** 
2016-12-04 10:48:16,340 INFO  [Log] **************************************************************************************** 
2016-12-04 10:56:21,471 INFO  [Log] **************************************************************************************** 
2016-12-04 10:56:21,472 INFO  [Log] **                    START TEST EXECUTION Calendar_Year_TC01                       ** 
2016-12-04 10:56:21,473 INFO  [Log] **************************************************************************************** 
2016-12-04 10:56:21,473 INFO  [Log] Config initialised 
2016-12-04 10:56:27,364 INFO  [Log] Driver initialised 
2016-12-04 10:56:27,442 INFO  [Log] Navigating to app 
2016-12-04 10:56:28,716 INFO  [Log] Changing year 
2016-12-04 10:56:35,992 INFO  [Log] Asserting year 
2016-12-04 10:56:36,087 ERROR [Log] TEST FAILED 
2016-12-04 10:56:36,099 INFO  [Log] **************************************************************************************** 
2016-12-04 10:56:36,100 INFO  [Log] **                    END OF TEST EXECUTION Calendar_Year_TC01                      ** 
2016-12-04 10:56:36,100 INFO  [Log] **************************************************************************************** 
2016-12-04 10:57:55,873 INFO  [Log] **************************************************************************************** 
2016-12-04 10:57:55,874 INFO  [Log] **                    START TEST EXECUTION Calendar_Year_TC01                       ** 
2016-12-04 10:57:55,875 INFO  [Log] **************************************************************************************** 
2016-12-04 10:57:55,875 INFO  [Log] Config initialised 
2016-12-04 10:58:02,128 INFO  [Log] Driver initialised 
2016-12-04 10:58:02,174 INFO  [Log] Navigating to app 
2016-12-04 10:58:03,366 INFO  [Log] Changing year 
2016-12-04 10:58:09,884 INFO  [Log] Asserting year 
2016-12-04 10:58:10,036 INFO  [Log] TEST PASSED 
2016-12-04 10:58:10,043 INFO  [Log] **************************************************************************************** 
2016-12-04 10:58:10,043 INFO  [Log] **                    END OF TEST EXECUTION Calendar_Year_TC01                      ** 
2016-12-04 10:58:10,043 INFO  [Log] **************************************************************************************** 
2016-12-04 11:18:41,599 INFO  [Log] **************************************************************************************** 
2016-12-04 11:18:41,602 INFO  [Log] **                    START TEST EXECUTION Calendar_Year_POMSuggests                       ** 
2016-12-04 11:18:41,602 INFO  [Log] **************************************************************************************** 
2016-12-04 11:18:41,602 INFO  [Log] Config initialised 
2016-12-04 11:18:42,626 INFO  [Log] Skipping the test as Test Case runmode is 'No' 
2016-12-04 11:20:36,434 INFO  [Log] **************************************************************************************** 
2016-12-04 11:20:36,435 INFO  [Log] **                    START TEST EXECUTION Calendar_Year_POMOptimised                       ** 
2016-12-04 11:20:36,435 INFO  [Log] **************************************************************************************** 
2016-12-04 11:20:36,435 INFO  [Log] Config initialised 
2016-12-04 11:20:42,443 INFO  [Log] Driver initialised 
2016-12-04 11:20:42,536 INFO  [Log] Navigating to app 
2016-12-04 11:20:43,956 INFO  [Log] Changing year 
2016-12-04 11:20:43,991 INFO  [Log] Asserting year 
2016-12-04 11:20:50,560 INFO  [Log] TEST PASSED 
2016-12-04 11:20:50,564 INFO  [Log] **************************************************************************************** 
2016-12-04 11:20:50,565 INFO  [Log] **                    END OF TEST EXECUTION Calendar_Year_POMOptimised                      ** 
2016-12-04 11:20:50,565 INFO  [Log] **************************************************************************************** 
2016-12-04 11:26:56,383 INFO  [Log] **************************************************************************************** 
2016-12-04 11:26:56,383 INFO  [Log] **                    START TEST EXECUTION Calendar_Year_TC01                       ** 
2016-12-04 11:26:56,383 INFO  [Log] **************************************************************************************** 
2016-12-04 11:26:56,383 INFO  [Log] Config initialised 
2016-12-04 11:27:02,125 INFO  [Log] Driver initialised 
2016-12-04 11:27:02,178 INFO  [Log] Navigating to app 
2016-12-04 11:27:03,483 INFO  [Log] Changing year 
2016-12-04 11:27:10,871 INFO  [Log] Asserting year 
2016-12-04 11:27:10,973 INFO  [Log] TEST PASSED 
2016-12-04 11:27:10,975 INFO  [Log] **************************************************************************************** 
2016-12-04 11:27:10,975 INFO  [Log] **                    END OF TEST EXECUTION Calendar_Year_TC01                      ** 
2016-12-04 11:27:10,975 INFO  [Log] **************************************************************************************** 
2016-12-04 11:27:11,808 INFO  [Log] **************************************************************************************** 
2016-12-04 11:27:11,808 INFO  [Log] **                    START TEST EXECUTION Calendar_Month_TC01                       ** 
2016-12-04 11:27:11,808 INFO  [Log] **************************************************************************************** 
2016-12-04 11:27:11,808 INFO  [Log] Config initialised 
2016-12-04 11:27:16,175 INFO  [Log] Driver initialised 
2016-12-04 11:27:16,193 INFO  [Log] Navigating to app 
2016-12-04 11:27:17,368 INFO  [Log] Changing month 
2016-12-04 11:27:21,857 INFO  [Log] Asserting month 
2016-12-04 11:27:21,986 FATAL [Log] TEST FAILED 
2016-12-04 11:27:21,988 INFO  [Log] **************************************************************************************** 
2016-12-04 11:27:21,988 INFO  [Log] **                    END OF TEST EXECUTION Calendar_Month_TC01                      ** 
2016-12-04 11:27:21,988 INFO  [Log] **************************************************************************************** 
2016-12-04 11:29:25,413 INFO  [Log] **************************************************************************************** 
2016-12-04 11:29:25,413 INFO  [Log] **                    START TEST EXECUTION Calendar_Year_TC01                       ** 
2016-12-04 11:29:25,413 INFO  [Log] **************************************************************************************** 
2016-12-04 11:29:25,414 INFO  [Log] Config initialised 
2016-12-04 11:29:31,040 INFO  [Log] Driver initialised 
2016-12-04 11:29:31,092 INFO  [Log] Navigating to app 
2016-12-04 11:29:32,268 INFO  [Log] Changing year 
2016-12-04 11:29:38,782 INFO  [Log] Asserting year 
2016-12-04 11:29:38,894 INFO  [Log] TEST PASSED 
2016-12-04 11:29:38,896 INFO  [Log] **************************************************************************************** 
2016-12-04 11:29:38,896 INFO  [Log] **                    END OF TEST EXECUTION Calendar_Year_TC01                      ** 
2016-12-04 11:29:38,896 INFO  [Log] **************************************************************************************** 
2016-12-04 11:29:39,784 INFO  [Log] **************************************************************************************** 
2016-12-04 11:29:39,784 INFO  [Log] **                    START TEST EXECUTION Calendar_Month_TC01                       ** 
2016-12-04 11:29:39,784 INFO  [Log] **************************************************************************************** 
2016-12-04 11:29:39,784 INFO  [Log] Config initialised 
2016-12-04 11:29:44,185 INFO  [Log] Driver initialised 
2016-12-04 11:29:44,215 INFO  [Log] Navigating to app 
2016-12-04 11:29:45,334 INFO  [Log] Changing month 
2016-12-04 11:29:48,557 INFO  [Log] Asserting month 
2016-12-04 11:29:48,653 INFO  [Log] TEST PASSED 
2016-12-04 11:29:48,653 INFO  [Log] **************************************************************************************** 
2016-12-04 11:29:48,653 INFO  [Log] **                    END OF TEST EXECUTION Calendar_Month_TC01                      ** 
2016-12-04 11:29:48,653 INFO  [Log] **************************************************************************************** 
2018-01-18 00:54:55,976 INFO  [Log] **************************************************************************************** 
2018-01-18 00:54:55,978 INFO  [Log] **                    START TEST EXECUTION Calendar_Year_TC01                       ** 
2018-01-18 00:54:55,978 INFO  [Log] **************************************************************************************** 
2018-01-18 00:54:55,979 INFO  [Log] Config initialised 
2018-01-18 00:55:25,032 INFO  [Log] **************************************************************************************** 
2018-01-18 00:55:25,033 INFO  [Log] **                    START TEST EXECUTION Calendar_Year_TC01                       ** 
2018-01-18 00:55:25,033 INFO  [Log] **************************************************************************************** 
2018-01-18 00:55:25,033 INFO  [Log] Config initialised 
2018-01-18 00:57:53,063 INFO  [Log] **************************************************************************************** 
2018-01-18 00:57:53,064 INFO  [Log] **                    START TEST EXECUTION Calendar_Year_TC01                       ** 
2018-01-18 00:57:53,064 INFO  [Log] **************************************************************************************** 
2018-01-18 00:57:53,065 INFO  [Log] Config initialised 
2018-01-18 00:58:06,596 INFO  [Log] Driver initialised 
2018-01-18 00:58:10,174 INFO  [Log] Navigating to app 
2018-01-18 00:58:11,335 INFO  [Log] Changing year 
2018-01-18 00:58:15,467 INFO  [Log] Asserting year 
2018-01-18 00:58:15,563 INFO  [Log] TEST PASSED 
2018-01-18 00:58:15,604 INFO  [Log] **************************************************************************************** 
2018-01-18 00:58:15,604 INFO  [Log] **                    END OF TEST EXECUTION Calendar_Year_TC01                      ** 
2018-01-18 00:58:15,604 INFO  [Log] **************************************************************************************** 
2018-01-18 01:47:22,840 INFO  [Log] **************************************************************************************** 
2018-01-18 01:47:22,841 INFO  [Log] **                    START TEST EXECUTION Calendar_Month_TC01                       ** 
2018-01-18 01:47:22,841 INFO  [Log] **************************************************************************************** 
2018-01-18 01:47:22,841 INFO  [Log] Config initialised 
2018-01-18 01:47:35,497 INFO  [Log] Driver initialised 
2018-01-18 01:47:39,065 INFO  [Log] Navigating to app 
2018-01-18 01:47:42,301 INFO  [Log] Changing month 
2018-01-18 01:47:45,381 INFO  [Log] Asserting month 
2018-01-18 01:47:45,454 INFO  [Log] TEST PASSED 
2018-01-18 01:47:45,459 INFO  [Log] **************************************************************************************** 
2018-01-18 01:47:45,459 INFO  [Log] **                    END OF TEST EXECUTION Calendar_Month_TC01                      ** 
2018-01-18 01:47:45,459 INFO  [Log] **************************************************************************************** 
2018-01-18 02:53:36,899 INFO  [Log] **************************************************************************************** 
2018-01-18 02:53:36,901 INFO  [Log] **                    START TEST EXECUTION Calendar_Year_POMOptimised                       ** 
2018-01-18 02:53:36,901 INFO  [Log] **************************************************************************************** 
2018-01-18 02:53:36,901 INFO  [Log] Config initialised 
2018-01-18 02:53:48,153 INFO  [Log] Driver initialised 
2018-01-18 02:53:51,757 INFO  [Log] Navigating to app 
2018-01-18 02:53:54,447 INFO  [Log] Changing year 
2018-01-18 02:53:54,593 INFO  [Log] Asserting year 
2018-01-18 02:53:59,280 INFO  [Log] TEST PASSED 
2018-01-18 02:53:59,288 INFO  [Log] **************************************************************************************** 
2018-01-18 02:53:59,288 INFO  [Log] **                    END OF TEST EXECUTION Calendar_Year_POMOptimised                      ** 
2018-01-18 02:53:59,288 INFO  [Log] **************************************************************************************** 
2018-01-18 23:04:53,867 INFO  [Log] **************************************************************************************** 
2018-01-18 23:04:53,868 INFO  [Log] **                    START TEST EXECUTION Calendar_Year_TC01                       ** 
2018-01-18 23:04:53,868 INFO  [Log] **************************************************************************************** 
2018-01-18 23:04:53,868 INFO  [Log] Config initialised 
2018-01-18 23:05:07,634 INFO  [Log] Driver initialised 
2018-01-18 23:05:11,217 INFO  [Log] Navigating to app 
2018-01-18 23:05:15,533 INFO  [Log] Changing year 
2018-01-18 23:05:22,030 INFO  [Log] Asserting year 
2018-01-18 23:05:22,221 INFO  [Log] TEST PASSED 
2018-01-18 23:05:22,228 INFO  [Log] **************************************************************************************** 
2018-01-18 23:05:22,228 INFO  [Log] **                    END OF TEST EXECUTION Calendar_Year_TC01                      ** 
2018-01-18 23:05:22,228 INFO  [Log] **************************************************************************************** 
2018-01-18 23:05:23,836 INFO  [Log] **************************************************************************************** 
2018-01-18 23:05:23,837 INFO  [Log] **                    START TEST EXECUTION Calendar_Month_TC01                       ** 
2018-01-18 23:05:23,837 INFO  [Log] **************************************************************************************** 
2018-01-18 23:05:23,837 INFO  [Log] Config initialised 
2018-01-18 23:05:33,978 INFO  [Log] Driver initialised 
2018-01-18 23:05:37,492 INFO  [Log] Navigating to app 
2018-01-18 23:05:41,816 INFO  [Log] Changing month 
2018-01-18 23:05:46,186 INFO  [Log] Asserting month 
2018-01-18 23:05:46,308 INFO  [Log] TEST PASSED 
2018-01-18 23:05:46,309 INFO  [Log] **************************************************************************************** 
2018-01-18 23:05:46,309 INFO  [Log] **                    END OF TEST EXECUTION Calendar_Month_TC01                      ** 
2018-01-18 23:05:46,309 INFO  [Log] **************************************************************************************** 
2018-01-18 23:33:02,086 INFO  [Log] **************************************************************************************** 
2018-01-18 23:33:02,087 INFO  [Log] **                    START TEST EXECUTION Calendar_Year_TC01                       ** 
2018-01-18 23:33:02,087 INFO  [Log] **************************************************************************************** 
2018-01-18 23:33:02,087 INFO  [Log] Config initialised 
2018-01-18 23:33:14,935 INFO  [Log] Driver initialised 
2018-01-18 23:33:18,549 INFO  [Log] Navigating to app 
2018-01-18 23:33:22,705 INFO  [Log] Changing year 
2018-01-18 23:33:32,439 INFO  [Log] Asserting year 
2018-01-18 23:33:32,546 INFO  [Log] TEST PASSED 
2018-01-18 23:33:32,553 INFO  [Log] **************************************************************************************** 
2018-01-18 23:33:32,553 INFO  [Log] **                    END OF TEST EXECUTION Calendar_Year_TC01                      ** 
2018-01-18 23:33:32,553 INFO  [Log] **************************************************************************************** 
2018-01-18 23:33:33,967 INFO  [Log] **************************************************************************************** 
2018-01-18 23:33:33,968 INFO  [Log] **                    START TEST EXECUTION Calendar_Month_TC01                       ** 
2018-01-18 23:33:33,968 INFO  [Log] **************************************************************************************** 
2018-01-18 23:33:33,968 INFO  [Log] Config initialised 
2018-01-18 23:33:43,620 INFO  [Log] Driver initialised 
2018-01-18 23:33:47,142 INFO  [Log] Navigating to app 
2018-01-18 23:33:50,920 INFO  [Log] Changing month 
2018-01-18 23:33:56,624 INFO  [Log] Asserting month 
2018-01-18 23:33:56,797 INFO  [Log] TEST PASSED 
2018-01-18 23:33:56,800 INFO  [Log] **************************************************************************************** 
2018-01-18 23:33:56,800 INFO  [Log] **                    END OF TEST EXECUTION Calendar_Month_TC01                      ** 
2018-01-18 23:33:56,800 INFO  [Log] **************************************************************************************** 
2018-01-18 23:39:39,095 INFO  [Log] **************************************************************************************** 
2018-01-18 23:39:39,096 INFO  [Log] **                    START TEST EXECUTION Calendar_Year_TC01                       ** 
2018-01-18 23:39:39,096 INFO  [Log] **************************************************************************************** 
2018-01-18 23:39:39,096 INFO  [Log] Config initialised 
2018-01-18 23:39:51,030 INFO  [Log] Driver initialised 
2018-01-18 23:39:54,608 INFO  [Log] Navigating to app 
2018-01-18 23:39:58,966 INFO  [Log] Changing year 
2018-01-18 23:40:05,435 INFO  [Log] Asserting year 
2018-01-18 23:40:05,675 INFO  [Log] TEST PASSED 
2018-01-18 23:40:05,682 INFO  [Log] **************************************************************************************** 
2018-01-18 23:40:05,682 INFO  [Log] **                    END OF TEST EXECUTION Calendar_Year_TC01                      ** 
2018-01-18 23:40:05,683 INFO  [Log] **************************************************************************************** 
2018-01-18 23:40:07,232 INFO  [Log] **************************************************************************************** 
2018-01-18 23:40:07,233 INFO  [Log] **                    START TEST EXECUTION Calendar_Month_TC01                       ** 
2018-01-18 23:40:07,233 INFO  [Log] **************************************************************************************** 
2018-01-18 23:40:07,233 INFO  [Log] Config initialised 
2018-01-18 23:40:15,620 INFO  [Log] Driver initialised 
2018-01-18 23:40:19,145 INFO  [Log] Navigating to app 
2018-01-18 23:40:23,312 INFO  [Log] Changing month 
2018-01-18 23:40:28,720 INFO  [Log] Asserting month 
2018-01-18 23:40:28,791 INFO  [Log] TEST PASSED 
2018-01-18 23:40:28,793 INFO  [Log] **************************************************************************************** 
2018-01-18 23:40:28,793 INFO  [Log] **                    END OF TEST EXECUTION Calendar_Month_TC01                      ** 
2018-01-18 23:40:28,793 INFO  [Log] **************************************************************************************** 
2018-01-18 23:42:39,814 INFO  [Log] **************************************************************************************** 
2018-01-18 23:42:39,815 INFO  [Log] **                    START TEST EXECUTION Calendar_Year_TC01                       ** 
2018-01-18 23:42:39,815 INFO  [Log] **************************************************************************************** 
2018-01-18 23:42:39,816 INFO  [Log] Config initialised 
2018-01-18 23:42:54,991 INFO  [Log] Driver initialised 
2018-01-18 23:42:58,602 INFO  [Log] Navigating to app 
2018-01-18 23:43:01,370 INFO  [Log] Changing year 
2018-01-18 23:43:07,826 INFO  [Log] Asserting year 
2018-01-18 23:43:08,150 INFO  [Log] TEST PASSED 
2018-01-18 23:43:08,162 INFO  [Log] **************************************************************************************** 
2018-01-18 23:43:08,162 INFO  [Log] **                    END OF TEST EXECUTION Calendar_Year_TC01                      ** 
2018-01-18 23:43:08,162 INFO  [Log] **************************************************************************************** 
2018-01-18 23:43:10,384 INFO  [Log] **************************************************************************************** 
2018-01-18 23:43:10,384 INFO  [Log] **                    START TEST EXECUTION Calendar_Month_TC01                       ** 
2018-01-18 23:43:10,385 INFO  [Log] **************************************************************************************** 
2018-01-18 23:43:10,385 INFO  [Log] Config initialised 
2018-01-18 23:43:18,850 INFO  [Log] Driver initialised 
2018-01-18 23:43:22,368 INFO  [Log] Navigating to app 
2018-01-18 23:43:27,467 INFO  [Log] Changing month 
2018-01-18 23:43:32,974 INFO  [Log] Asserting month 
2018-01-18 23:43:33,117 INFO  [Log] TEST PASSED 
2018-01-18 23:43:33,120 INFO  [Log] **************************************************************************************** 
2018-01-18 23:43:33,120 INFO  [Log] **                    END OF TEST EXECUTION Calendar_Month_TC01                      ** 
2018-01-18 23:43:33,120 INFO  [Log] **************************************************************************************** 
2018-01-18 23:46:20,752 INFO  [Log] **************************************************************************************** 
2018-01-18 23:46:20,753 INFO  [Log] **                    START TEST EXECUTION Calendar_Year_TC01                       ** 
2018-01-18 23:46:20,753 INFO  [Log] **************************************************************************************** 
2018-01-18 23:46:20,753 INFO  [Log] Config initialised 
2018-01-18 23:46:35,503 INFO  [Log] Driver initialised 
2018-01-18 23:46:39,114 INFO  [Log] Navigating to app 
2018-01-18 23:46:44,449 INFO  [Log] Changing year 
2018-01-18 23:46:52,049 INFO  [Log] Asserting year 
2018-01-18 23:46:52,300 INFO  [Log] TEST PASSED 
2018-01-18 23:46:52,309 INFO  [Log] **************************************************************************************** 
2018-01-18 23:46:52,310 INFO  [Log] **                    END OF TEST EXECUTION Calendar_Year_TC01                      ** 
2018-01-18 23:46:52,310 INFO  [Log] **************************************************************************************** 
2018-01-18 23:46:54,101 INFO  [Log] **************************************************************************************** 
2018-01-18 23:46:54,101 INFO  [Log] **                    START TEST EXECUTION Calendar_Month_TC01                       ** 
2018-01-18 23:46:54,101 INFO  [Log] **************************************************************************************** 
2018-01-18 23:46:54,101 INFO  [Log] Config initialised 
2018-01-18 23:47:02,338 INFO  [Log] Driver initialised 
2018-01-18 23:47:05,860 INFO  [Log] Navigating to app 
2018-01-18 23:47:09,599 INFO  [Log] Changing month 
2018-01-18 23:47:14,018 INFO  [Log] Asserting month 
2018-01-18 23:47:14,121 INFO  [Log] TEST PASSED 
2018-01-18 23:47:14,123 INFO  [Log] **************************************************************************************** 
2018-01-18 23:47:14,123 INFO  [Log] **                    END OF TEST EXECUTION Calendar_Month_TC01                      ** 
2018-01-18 23:47:14,123 INFO  [Log] **************************************************************************************** 
2018-01-18 23:57:13,012 INFO  [Log] **************************************************************************************** 
2018-01-18 23:57:13,013 INFO  [Log] **                    START TEST EXECUTION Calendar_Year_TC01                       ** 
2018-01-18 23:57:13,013 INFO  [Log] **************************************************************************************** 
2018-01-18 23:57:13,013 INFO  [Log] Config initialised 
2018-01-18 23:57:25,014 INFO  [Log] Driver initialised 
2018-01-18 23:57:28,592 INFO  [Log] Navigating to app 
2018-01-18 23:57:34,566 INFO  [Log] Changing year 
2018-01-18 23:57:40,585 INFO  [Log] Asserting year 
2018-01-18 23:57:40,973 INFO  [Log] TEST PASSED 
2018-01-18 23:57:40,979 INFO  [Log] **************************************************************************************** 
2018-01-18 23:57:40,979 INFO  [Log] **                    END OF TEST EXECUTION Calendar_Year_TC01                      ** 
2018-01-18 23:57:40,979 INFO  [Log] **************************************************************************************** 
2018-01-18 23:57:42,777 INFO  [Log] **************************************************************************************** 
2018-01-18 23:57:42,777 INFO  [Log] **                    START TEST EXECUTION Calendar_Month_TC01                       ** 
2018-01-18 23:57:42,777 INFO  [Log] **************************************************************************************** 
2018-01-18 23:57:42,777 INFO  [Log] Config initialised 
2018-01-18 23:57:50,554 INFO  [Log] Driver initialised 
2018-01-18 23:57:54,080 INFO  [Log] Navigating to app 
2018-01-18 23:57:56,568 INFO  [Log] Changing month 
2018-01-18 23:58:00,786 INFO  [Log] Asserting month 
2018-01-18 23:58:00,925 INFO  [Log] TEST PASSED 
2018-01-18 23:58:00,928 INFO  [Log] **************************************************************************************** 
2018-01-18 23:58:00,928 INFO  [Log] **                    END OF TEST EXECUTION Calendar_Month_TC01                      ** 
2018-01-18 23:58:00,935 INFO  [Log] **************************************************************************************** 
2018-01-18 23:58:02,197 INFO  [Log] **************************************************************************************** 
2018-01-18 23:58:02,197 INFO  [Log] **                    START TEST EXECUTION Calendar_Year_POMOptimised                       ** 
2018-01-18 23:58:02,197 INFO  [Log] **************************************************************************************** 
2018-01-18 23:58:02,197 INFO  [Log] Config initialised 
2018-01-18 23:58:09,319 INFO  [Log] Driver initialised 
2018-01-18 23:58:12,849 INFO  [Log] Navigating to app 
2018-01-18 23:58:15,293 INFO  [Log] Changing year 
2018-01-18 23:58:15,296 INFO  [Log] Asserting year 
2018-01-18 23:58:18,691 INFO  [Log] TEST PASSED 
2018-01-18 23:58:18,692 INFO  [Log] **************************************************************************************** 
2018-01-18 23:58:18,692 INFO  [Log] **                    END OF TEST EXECUTION Calendar_Year_POMOptimised                      ** 
2018-01-18 23:58:18,692 INFO  [Log] **************************************************************************************** 
2018-01-19 00:05:44,174 INFO  [Log] **************************************************************************************** 
2018-01-19 00:05:44,175 INFO  [Log] **                    START TEST EXECUTION Calendar_Year_TC01                       ** 
2018-01-19 00:05:44,175 INFO  [Log] **************************************************************************************** 
2018-01-19 00:05:44,175 INFO  [Log] Config initialised 
2018-01-19 00:05:56,991 INFO  [Log] Driver initialised 
2018-01-19 00:06:00,601 INFO  [Log] Navigating to app 
2018-01-19 00:06:04,942 INFO  [Log] Changing year 
2018-01-19 00:06:15,475 FATAL [Log] TEST FAILED 
2018-01-19 00:06:15,495 INFO  [Log] **************************************************************************************** 
2018-01-19 00:06:15,496 INFO  [Log] **                    END OF TEST EXECUTION Calendar_Year_TC01                      ** 
2018-01-19 00:06:15,498 INFO  [Log] **************************************************************************************** 
2018-01-19 00:06:17,269 INFO  [Log] **************************************************************************************** 
2018-01-19 00:06:17,269 INFO  [Log] **                    START TEST EXECUTION Calendar_Month_TC01                       ** 
2018-01-19 00:06:17,269 INFO  [Log] **************************************************************************************** 
2018-01-19 00:06:17,269 INFO  [Log] Config initialised 
2018-01-19 00:06:26,843 INFO  [Log] Driver initialised 
2018-01-19 00:06:30,365 INFO  [Log] Navigating to app 
2018-01-19 00:06:32,987 INFO  [Log] Changing month 
2018-01-19 00:06:37,094 INFO  [Log] Asserting month 
2018-01-19 00:06:37,277 INFO  [Log] TEST PASSED 
2018-01-19 00:06:37,279 INFO  [Log] **************************************************************************************** 
2018-01-19 00:06:37,280 INFO  [Log] **                    END OF TEST EXECUTION Calendar_Month_TC01                      ** 
2018-01-19 00:06:37,280 INFO  [Log] **************************************************************************************** 
2018-01-19 00:06:38,594 INFO  [Log] **************************************************************************************** 
2018-01-19 00:06:38,594 INFO  [Log] **                    START TEST EXECUTION Calendar_Year_POMOptimised                       ** 
2018-01-19 00:06:38,594 INFO  [Log] **************************************************************************************** 
2018-01-19 00:06:38,594 INFO  [Log] Config initialised 
2018-01-19 00:06:48,204 INFO  [Log] Driver initialised 
2018-01-19 00:06:51,726 INFO  [Log] Navigating to app 
2018-01-19 00:06:55,016 INFO  [Log] Changing year 
2018-01-19 00:06:55,017 INFO  [Log] Asserting year 
2018-01-19 00:07:05,284 FATAL [Log] TEST FAILED 
2018-01-19 00:07:05,286 INFO  [Log] **************************************************************************************** 
2018-01-19 00:07:05,287 INFO  [Log] **                    END OF TEST EXECUTION Calendar_Year_POMOptimised                      ** 
2018-01-19 00:07:05,287 INFO  [Log] **************************************************************************************** 
2018-01-19 00:09:43,137 INFO  [Log] **************************************************************************************** 
2018-01-19 00:09:43,138 INFO  [Log] **                    START TEST EXECUTION Calendar_Year_TC01                       ** 
2018-01-19 00:09:43,138 INFO  [Log] **************************************************************************************** 
2018-01-19 00:09:43,138 INFO  [Log] Config initialised 
2018-01-19 00:09:57,071 INFO  [Log] Driver initialised 
2018-01-19 00:10:00,679 INFO  [Log] Navigating to app 
2018-01-19 00:10:04,228 INFO  [Log] Changing year 
2018-01-19 00:10:10,165 INFO  [Log] Asserting year 
2018-01-19 00:10:10,365 INFO  [Log] TEST PASSED 
2018-01-19 00:10:10,373 INFO  [Log] **************************************************************************************** 
2018-01-19 00:10:10,373 INFO  [Log] **                    END OF TEST EXECUTION Calendar_Year_TC01                      ** 
2018-01-19 00:10:10,373 INFO  [Log] **************************************************************************************** 
2018-01-19 00:10:11,947 INFO  [Log] **************************************************************************************** 
2018-01-19 00:10:11,947 INFO  [Log] **                    START TEST EXECUTION Calendar_Month_TC01                       ** 
2018-01-19 00:10:11,947 INFO  [Log] **************************************************************************************** 
2018-01-19 00:10:11,947 INFO  [Log] Config initialised 
2018-01-19 00:10:20,778 INFO  [Log] Driver initialised 
2018-01-19 00:10:25,002 INFO  [Log] Navigating to app 
2018-01-19 00:10:28,320 INFO  [Log] Changing month 
2018-01-19 00:10:36,181 INFO  [Log] Asserting month 
2018-01-19 00:10:36,251 INFO  [Log] TEST PASSED 
2018-01-19 00:10:36,253 INFO  [Log] **************************************************************************************** 
2018-01-19 00:10:36,253 INFO  [Log] **                    END OF TEST EXECUTION Calendar_Month_TC01                      ** 
2018-01-19 00:10:36,253 INFO  [Log] **************************************************************************************** 
2018-01-19 00:10:37,889 INFO  [Log] **************************************************************************************** 
2018-01-19 00:10:37,889 INFO  [Log] **                    START TEST EXECUTION Calendar_Year_POMOptimised                       ** 
2018-01-19 00:10:37,889 INFO  [Log] **************************************************************************************** 
2018-01-19 00:10:37,889 INFO  [Log] Config initialised 
2018-01-19 00:10:50,029 INFO  [Log] Driver initialised 
2018-01-19 00:10:53,553 INFO  [Log] Navigating to app 
2018-01-19 00:10:57,237 INFO  [Log] Changing year 
2018-01-19 00:10:57,239 INFO  [Log] Asserting year 
2018-01-19 00:11:03,225 INFO  [Log] TEST PASSED 
2018-01-19 00:11:03,227 INFO  [Log] **************************************************************************************** 
2018-01-19 00:11:03,227 INFO  [Log] **                    END OF TEST EXECUTION Calendar_Year_POMOptimised                      ** 
2018-01-19 00:11:03,228 INFO  [Log] **************************************************************************************** 
2018-01-19 00:21:45,590 INFO  [Log] **************************************************************************************** 
2018-01-19 00:21:45,590 INFO  [Log] **                    START TEST EXECUTION Calendar_Year_POMOptimised                       ** 
2018-01-19 00:21:45,591 INFO  [Log] **************************************************************************************** 
2018-01-19 00:21:45,591 INFO  [Log] Config initialised 
2018-01-19 00:21:57,651 INFO  [Log] Driver initialised 
2018-01-19 00:22:01,248 INFO  [Log] Navigating to app 
2018-01-19 00:22:04,240 INFO  [Log] Changing year 
2018-01-19 00:22:04,363 INFO  [Log] Asserting year 
2018-01-19 00:22:09,413 INFO  [Log] TEST PASSED 
2018-01-19 00:22:09,421 INFO  [Log] **************************************************************************************** 
2018-01-19 00:22:09,422 INFO  [Log] **                    END OF TEST EXECUTION Calendar_Year_POMOptimised                      ** 
2018-01-19 00:22:09,422 INFO  [Log] **************************************************************************************** 
2018-01-19 00:22:10,779 INFO  [Log] **************************************************************************************** 
2018-01-19 00:22:10,779 INFO  [Log] **                    START TEST EXECUTION Calendar_Year_TC01                       ** 
2018-01-19 00:22:10,779 INFO  [Log] **************************************************************************************** 
2018-01-19 00:22:10,779 INFO  [Log] Config initialised 
2018-01-19 00:22:19,009 INFO  [Log] Driver initialised 
2018-01-19 00:22:22,531 INFO  [Log] Navigating to app 
2018-01-19 00:22:25,481 INFO  [Log] Changing year 
2018-01-19 00:22:35,771 FATAL [Log] TEST FAILED 
2018-01-19 00:22:35,781 INFO  [Log] **************************************************************************************** 
2018-01-19 00:22:35,781 INFO  [Log] **                    END OF TEST EXECUTION Calendar_Year_TC01                      ** 
2018-01-19 00:22:35,781 INFO  [Log] **************************************************************************************** 
2018-01-19 00:22:37,399 INFO  [Log] **************************************************************************************** 
2018-01-19 00:22:37,399 INFO  [Log] **                    START TEST EXECUTION Calendar_Month_TC01                       ** 
2018-01-19 00:22:37,399 INFO  [Log] **************************************************************************************** 
2018-01-19 00:22:37,399 INFO  [Log] Config initialised 
2018-01-19 00:22:46,447 INFO  [Log] Driver initialised 
2018-01-19 00:22:49,967 INFO  [Log] Navigating to app 
2018-01-19 00:22:53,434 INFO  [Log] Changing month 
2018-01-19 00:22:58,527 INFO  [Log] Asserting month 
2018-01-19 00:22:58,594 INFO  [Log] TEST PASSED 
2018-01-19 00:22:58,596 INFO  [Log] **************************************************************************************** 
2018-01-19 00:22:58,597 INFO  [Log] **                    END OF TEST EXECUTION Calendar_Month_TC01                      ** 
2018-01-19 00:22:58,597 INFO  [Log] **************************************************************************************** 
2018-01-19 00:26:04,180 INFO  [Log] **************************************************************************************** 
2018-01-19 00:26:04,181 INFO  [Log] **                    START TEST EXECUTION Calendar_Year_TC01                       ** 
2018-01-19 00:26:04,181 INFO  [Log] **************************************************************************************** 
2018-01-19 00:26:04,181 INFO  [Log] Config initialised 
2018-01-19 00:26:18,614 INFO  [Log] Driver initialised 
2018-01-19 00:26:22,219 INFO  [Log] Navigating to app 
2018-01-19 00:26:26,840 INFO  [Log] Changing year 
2018-01-19 00:26:31,494 INFO  [Log] Asserting year 
2018-01-19 00:26:31,579 INFO  [Log] TEST PASSED 
2018-01-19 00:26:31,592 INFO  [Log] **************************************************************************************** 
2018-01-19 00:26:31,593 INFO  [Log] **                    END OF TEST EXECUTION Calendar_Year_TC01                      ** 
2018-01-19 00:26:31,593 INFO  [Log] **************************************************************************************** 
2018-01-19 00:26:33,097 INFO  [Log] **************************************************************************************** 
2018-01-19 00:26:33,097 INFO  [Log] **                    START TEST EXECUTION Calendar_Month_TC01                       ** 
2018-01-19 00:26:33,097 INFO  [Log] **************************************************************************************** 
2018-01-19 00:26:33,097 INFO  [Log] Config initialised 
2018-01-19 00:26:43,134 INFO  [Log] Driver initialised 
2018-01-19 00:26:46,656 INFO  [Log] Navigating to app 
2018-01-19 00:26:53,312 INFO  [Log] Changing month 
2018-01-19 00:26:57,886 INFO  [Log] Asserting month 
2018-01-19 00:26:57,948 INFO  [Log] TEST PASSED 
2018-01-19 00:26:57,950 INFO  [Log] **************************************************************************************** 
2018-01-19 00:26:57,950 INFO  [Log] **                    END OF TEST EXECUTION Calendar_Month_TC01                      ** 
2018-01-19 00:26:57,950 INFO  [Log] **************************************************************************************** 
2018-01-19 00:26:59,771 INFO  [Log] **************************************************************************************** 
2018-01-19 00:26:59,771 INFO  [Log] **                    START TEST EXECUTION Calendar_Year_POMOptimised                       ** 
2018-01-19 00:26:59,772 INFO  [Log] **************************************************************************************** 
2018-01-19 00:26:59,772 INFO  [Log] Config initialised 
2018-01-19 00:27:08,173 INFO  [Log] Driver initialised 
2018-01-19 00:27:11,698 INFO  [Log] Navigating to app 
2018-01-19 00:27:15,255 INFO  [Log] Changing year 
2018-01-19 00:27:15,256 INFO  [Log] Asserting year 
2018-01-19 00:27:19,974 INFO  [Log] TEST PASSED 
2018-01-19 00:27:19,975 INFO  [Log] **************************************************************************************** 
2018-01-19 00:27:19,975 INFO  [Log] **                    END OF TEST EXECUTION Calendar_Year_POMOptimised                      ** 
2018-01-19 00:27:19,975 INFO  [Log] **************************************************************************************** 
2018-01-19 01:20:58,099 INFO  [Log] **************************************************************************************** 
2018-01-19 01:20:58,100 INFO  [Log] **                    START TEST EXECUTION Calendar_Year_TC01                       ** 
2018-01-19 01:20:58,101 INFO  [Log] **************************************************************************************** 
2018-01-19 01:20:58,101 INFO  [Log] Config initialised 
2018-01-19 01:21:10,027 INFO  [Log] Driver initialised 
2018-01-19 01:21:14,011 INFO  [Log] Navigating to app 
2018-01-19 01:21:18,150 INFO  [Log] Changing year 
2018-01-19 01:21:22,709 INFO  [Log] Asserting year 
2018-01-19 01:21:22,964 INFO  [Log] TEST PASSED 
2018-01-19 01:21:22,970 INFO  [Log] **************************************************************************************** 
2018-01-19 01:21:22,970 INFO  [Log] **                    END OF TEST EXECUTION Calendar_Year_TC01                      ** 
2018-01-19 01:21:22,970 INFO  [Log] **************************************************************************************** 
2018-01-19 01:21:24,350 INFO  [Log] **************************************************************************************** 
2018-01-19 01:21:24,350 INFO  [Log] **                    START TEST EXECUTION Calendar_Month_TC01                       ** 
2018-01-19 01:21:24,350 INFO  [Log] **************************************************************************************** 
2018-01-19 01:21:24,350 INFO  [Log] Config initialised 
2018-01-19 01:21:33,683 INFO  [Log] Driver initialised 
2018-01-19 01:21:37,209 INFO  [Log] Navigating to app 
2018-01-19 01:21:40,466 INFO  [Log] Changing month 
2018-01-19 01:21:44,660 INFO  [Log] Asserting month 
2018-01-19 01:21:44,835 INFO  [Log] TEST PASSED 
2018-01-19 01:21:44,837 INFO  [Log] **************************************************************************************** 
2018-01-19 01:21:44,837 INFO  [Log] **                    END OF TEST EXECUTION Calendar_Month_TC01                      ** 
2018-01-19 01:21:44,837 INFO  [Log] **************************************************************************************** 
2018-01-19 01:21:46,066 INFO  [Log] **************************************************************************************** 
2018-01-19 01:21:46,067 INFO  [Log] **                    START TEST EXECUTION Calendar_Year_POMOptimised                       ** 
2018-01-19 01:21:46,067 INFO  [Log] **************************************************************************************** 
2018-01-19 01:21:46,067 INFO  [Log] Config initialised 
2018-01-19 01:21:55,169 INFO  [Log] Driver initialised 
2018-01-19 01:21:58,688 INFO  [Log] Navigating to app 
2018-01-19 01:22:01,937 INFO  [Log] Changing year 
2018-01-19 01:22:01,938 INFO  [Log] Asserting year 
2018-01-19 01:22:07,293 INFO  [Log] TEST PASSED 
2018-01-19 01:22:07,294 INFO  [Log] **************************************************************************************** 
2018-01-19 01:22:07,294 INFO  [Log] **                    END OF TEST EXECUTION Calendar_Year_POMOptimised                      ** 
2018-01-19 01:22:07,295 INFO  [Log] **************************************************************************************** 
2018-01-19 01:29:31,385 INFO  [Log] **************************************************************************************** 
2018-01-19 01:29:31,386 INFO  [Log] **                    START TEST EXECUTION Calendar_Year_TC01                       ** 
2018-01-19 01:29:31,387 INFO  [Log] **************************************************************************************** 
2018-01-19 01:29:31,387 INFO  [Log] Config initialised 
2018-01-19 01:29:42,950 INFO  [Log] Driver initialised 
2018-01-19 01:29:46,543 INFO  [Log] Navigating to app 
2018-01-19 01:29:50,306 INFO  [Log] Changing year 
2018-01-19 01:29:54,523 INFO  [Log] Asserting year 
2018-01-19 01:29:54,643 INFO  [Log] TEST PASSED 
2018-01-19 01:29:54,649 INFO  [Log] **************************************************************************************** 
2018-01-19 01:29:54,650 INFO  [Log] **                    END OF TEST EXECUTION Calendar_Year_TC01                      ** 
2018-01-19 01:29:54,650 INFO  [Log] **************************************************************************************** 
2018-01-19 01:29:55,979 INFO  [Log] **************************************************************************************** 
2018-01-19 01:29:55,979 INFO  [Log] **                    START TEST EXECUTION Calendar_Month_TC01                       ** 
2018-01-19 01:29:55,979 INFO  [Log] **************************************************************************************** 
2018-01-19 01:29:55,979 INFO  [Log] Config initialised 
2018-01-19 01:30:03,962 INFO  [Log] Driver initialised 
2018-01-19 01:30:07,489 INFO  [Log] Navigating to app 
2018-01-19 01:30:10,773 INFO  [Log] Changing month 
2018-01-19 01:30:19,479 INFO  [Log] Asserting month 
2018-01-19 01:30:19,587 INFO  [Log] TEST PASSED 
2018-01-19 01:30:19,589 INFO  [Log] **************************************************************************************** 
2018-01-19 01:30:19,589 INFO  [Log] **                    END OF TEST EXECUTION Calendar_Month_TC01                      ** 
2018-01-19 01:30:19,589 INFO  [Log] **************************************************************************************** 
2018-01-19 01:30:21,086 INFO  [Log] **************************************************************************************** 
2018-01-19 01:30:21,086 INFO  [Log] **                    START TEST EXECUTION Calendar_Year_POMOptimised                       ** 
2018-01-19 01:30:21,086 INFO  [Log] **************************************************************************************** 
2018-01-19 01:30:21,086 INFO  [Log] Config initialised 
2018-01-19 01:30:30,289 INFO  [Log] Driver initialised 
2018-01-19 01:30:33,805 INFO  [Log] Navigating to app 
2018-01-19 01:30:36,605 INFO  [Log] Changing year 
2018-01-19 01:30:36,608 INFO  [Log] Asserting year 
2018-01-19 01:30:44,767 INFO  [Log] TEST PASSED 
2018-01-19 01:30:44,769 INFO  [Log] **************************************************************************************** 
2018-01-19 01:30:44,769 INFO  [Log] **                    END OF TEST EXECUTION Calendar_Year_POMOptimised                      ** 
2018-01-19 01:30:44,769 INFO  [Log] **************************************************************************************** 
2018-01-19 01:33:49,284 INFO  [Log] **************************************************************************************** 
2018-01-19 01:33:49,285 INFO  [Log] **                    START TEST EXECUTION Calendar_Year_TC01                       ** 
2018-01-19 01:33:49,285 INFO  [Log] **************************************************************************************** 
2018-01-19 01:33:49,285 INFO  [Log] Config initialised 
2018-01-19 01:34:00,982 INFO  [Log] Driver initialised 
2018-01-19 01:34:04,578 INFO  [Log] Navigating to app 
2018-01-19 01:34:06,668 INFO  [Log] Changing year 
2018-01-19 01:34:10,953 INFO  [Log] Asserting year 
2018-01-19 01:34:11,032 INFO  [Log] TEST PASSED 
2018-01-19 01:34:11,041 INFO  [Log] **************************************************************************************** 
2018-01-19 01:34:11,041 INFO  [Log] **                    END OF TEST EXECUTION Calendar_Year_TC01                      ** 
2018-01-19 01:34:11,041 INFO  [Log] **************************************************************************************** 
2018-01-19 01:34:12,292 INFO  [Log] **************************************************************************************** 
2018-01-19 01:34:12,292 INFO  [Log] **                    START TEST EXECUTION Calendar_Month_TC01                       ** 
2018-01-19 01:34:12,292 INFO  [Log] **************************************************************************************** 
2018-01-19 01:34:12,292 INFO  [Log] Config initialised 
2018-01-19 01:34:21,590 INFO  [Log] Driver initialised 
2018-01-19 01:34:25,115 INFO  [Log] Navigating to app 
2018-01-19 01:34:31,042 INFO  [Log] Changing month 
2018-01-19 01:34:34,570 INFO  [Log] Asserting month 
2018-01-19 01:34:34,827 INFO  [Log] TEST PASSED 
2018-01-19 01:34:34,829 INFO  [Log] **************************************************************************************** 
2018-01-19 01:34:34,829 INFO  [Log] **                    END OF TEST EXECUTION Calendar_Month_TC01                      ** 
2018-01-19 01:34:34,829 INFO  [Log] **************************************************************************************** 
2018-01-19 01:34:36,162 INFO  [Log] **************************************************************************************** 
2018-01-19 01:34:36,163 INFO  [Log] **                    START TEST EXECUTION Calendar_Year_POMOptimised                       ** 
2018-01-19 01:34:36,163 INFO  [Log] **************************************************************************************** 
2018-01-19 01:34:36,163 INFO  [Log] Config initialised 
2018-01-19 01:34:43,473 INFO  [Log] Driver initialised 
2018-01-19 01:34:46,998 INFO  [Log] Navigating to app 
2018-01-19 01:34:49,574 INFO  [Log] Changing year 
2018-01-19 01:34:49,576 INFO  [Log] Asserting year 
2018-01-19 01:34:54,680 INFO  [Log] TEST PASSED 
2018-01-19 01:34:54,682 INFO  [Log] **************************************************************************************** 
2018-01-19 01:34:54,683 INFO  [Log] **                    END OF TEST EXECUTION Calendar_Year_POMOptimised                      ** 
2018-01-19 01:34:54,683 INFO  [Log] **************************************************************************************** 
2018-01-19 01:41:02,828 INFO  [Log] **************************************************************************************** 
2018-01-19 01:41:02,830 INFO  [Log] **                    START TEST EXECUTION Calendar_Year_TC01                       ** 
2018-01-19 01:41:02,830 INFO  [Log] **************************************************************************************** 
2018-01-19 01:41:02,830 INFO  [Log] Config initialised 
2018-01-19 01:41:16,513 INFO  [Log] Driver initialised 
2018-01-19 01:41:20,105 INFO  [Log] Navigating to app 
2018-01-19 01:41:23,879 INFO  [Log] Changing year 
2018-01-19 01:41:28,610 INFO  [Log] Asserting year 
2018-01-19 01:41:28,861 INFO  [Log] TEST PASSED 
2018-01-19 01:41:28,866 INFO  [Log] **************************************************************************************** 
2018-01-19 01:41:28,866 INFO  [Log] **                    END OF TEST EXECUTION Calendar_Year_TC01                      ** 
2018-01-19 01:41:28,866 INFO  [Log] **************************************************************************************** 
2018-01-19 01:41:30,487 INFO  [Log] **************************************************************************************** 
2018-01-19 01:41:30,487 INFO  [Log] **                    START TEST EXECUTION Calendar_Month_TC01                       ** 
2018-01-19 01:41:30,487 INFO  [Log] **************************************************************************************** 
2018-01-19 01:41:30,487 INFO  [Log] Config initialised 
2018-01-19 01:41:38,303 INFO  [Log] Driver initialised 
2018-01-19 01:41:41,818 INFO  [Log] Navigating to app 
2018-01-19 01:41:44,418 INFO  [Log] Changing month 
2018-01-19 01:41:50,997 INFO  [Log] Asserting month 
2018-01-19 01:41:51,074 INFO  [Log] TEST PASSED 
2018-01-19 01:41:51,075 INFO  [Log] **************************************************************************************** 
2018-01-19 01:41:51,075 INFO  [Log] **                    END OF TEST EXECUTION Calendar_Month_TC01                      ** 
2018-01-19 01:41:51,075 INFO  [Log] **************************************************************************************** 
2018-01-19 01:41:52,455 INFO  [Log] **************************************************************************************** 
2018-01-19 01:41:52,455 INFO  [Log] **                    START TEST EXECUTION Calendar_Year_POMOptimised                       ** 
2018-01-19 01:41:52,456 INFO  [Log] **************************************************************************************** 
2018-01-19 01:41:52,456 INFO  [Log] Config initialised 
2018-01-19 01:42:00,212 INFO  [Log] Driver initialised 
2018-01-19 01:42:03,722 INFO  [Log] Navigating to app 
2018-01-19 01:42:05,240 INFO  [Log] Changing year 
2018-01-19 01:42:05,243 INFO  [Log] Asserting year 
2018-01-19 01:42:10,296 INFO  [Log] TEST PASSED 
2018-01-19 01:42:10,297 INFO  [Log] **************************************************************************************** 
2018-01-19 01:42:10,297 INFO  [Log] **                    END OF TEST EXECUTION Calendar_Year_POMOptimised                      ** 
2018-01-19 01:42:10,297 INFO  [Log] **************************************************************************************** 
2018-01-19 01:46:00,883 INFO  [Log] **************************************************************************************** 
2018-01-19 01:46:00,884 INFO  [Log] **                    START TEST EXECUTION Calendar_Year_TC01                       ** 
2018-01-19 01:46:00,884 INFO  [Log] **************************************************************************************** 
2018-01-19 01:46:00,884 INFO  [Log] Config initialised 
2018-01-19 01:46:12,449 INFO  [Log] Driver initialised 
2018-01-19 01:46:16,042 INFO  [Log] Navigating to app 
2018-01-19 01:46:19,161 INFO  [Log] Changing year 
2018-01-19 01:46:24,625 INFO  [Log] Asserting year 
2018-01-19 01:46:24,700 INFO  [Log] TEST PASSED 
2018-01-19 01:46:24,709 INFO  [Log] **************************************************************************************** 
2018-01-19 01:46:24,710 INFO  [Log] **                    END OF TEST EXECUTION Calendar_Year_TC01                      ** 
2018-01-19 01:46:24,711 INFO  [Log] **************************************************************************************** 
2018-01-19 01:46:26,436 INFO  [Log] **************************************************************************************** 
2018-01-19 01:46:26,437 INFO  [Log] **                    START TEST EXECUTION Calendar_Month_TC01                       ** 
2018-01-19 01:46:26,438 INFO  [Log] **************************************************************************************** 
2018-01-19 01:46:26,438 INFO  [Log] Config initialised 
2018-01-19 01:46:34,434 INFO  [Log] Driver initialised 
2018-01-19 01:46:37,954 INFO  [Log] Navigating to app 
2018-01-19 01:46:39,132 INFO  [Log] Changing month 
2018-01-19 01:46:43,840 INFO  [Log] Asserting month 
2018-01-19 01:46:43,900 INFO  [Log] TEST PASSED 
2018-01-19 01:46:43,902 INFO  [Log] **************************************************************************************** 
2018-01-19 01:46:43,902 INFO  [Log] **                    END OF TEST EXECUTION Calendar_Month_TC01                      ** 
2018-01-19 01:46:43,902 INFO  [Log] **************************************************************************************** 
2018-01-19 01:46:45,607 INFO  [Log] **************************************************************************************** 
2018-01-19 01:46:45,607 INFO  [Log] **                    START TEST EXECUTION Calendar_Year_POMOptimised                       ** 
2018-01-19 01:46:45,607 INFO  [Log] **************************************************************************************** 
2018-01-19 01:46:45,607 INFO  [Log] Config initialised 
2018-01-19 01:46:54,102 INFO  [Log] Driver initialised 
2018-01-19 01:46:57,615 INFO  [Log] Navigating to app 
2018-01-19 01:47:01,207 INFO  [Log] Changing year 
2018-01-19 01:47:01,208 INFO  [Log] Asserting year 
2018-01-19 01:47:05,160 INFO  [Log] TEST PASSED 
2018-01-19 01:47:05,161 INFO  [Log] **************************************************************************************** 
2018-01-19 01:47:05,161 INFO  [Log] **                    END OF TEST EXECUTION Calendar_Year_POMOptimised                      ** 
2018-01-19 01:47:05,161 INFO  [Log] **************************************************************************************** 
2018-01-19 02:00:57,978 INFO  [Log] **************************************************************************************** 
2018-01-19 02:00:57,979 INFO  [Log] **                    START TEST EXECUTION Calendar_Month_TC01                       ** 
2018-01-19 02:00:57,980 INFO  [Log] **************************************************************************************** 
2018-01-19 02:00:57,980 INFO  [Log] Config initialised 
2018-01-19 02:01:09,551 INFO  [Log] Driver initialised 
2018-01-19 02:01:13,127 INFO  [Log] Navigating to app 
2018-01-19 02:01:15,519 INFO  [Log] Changing month 
2018-01-19 02:01:29,315 FATAL [Log] TEST FAILED 
2018-01-19 02:01:29,335 INFO  [Log] **************************************************************************************** 
2018-01-19 02:01:29,335 INFO  [Log] **                    END OF TEST EXECUTION Calendar_Month_TC01                      ** 
2018-01-19 02:01:29,335 INFO  [Log] **************************************************************************************** 
2018-01-19 02:03:27,870 INFO  [Log] **************************************************************************************** 
2018-01-19 02:03:27,871 INFO  [Log] **                    START TEST EXECUTION Calendar_Month_TC01                       ** 
2018-01-19 02:03:27,871 INFO  [Log] **************************************************************************************** 
2018-01-19 02:03:27,871 INFO  [Log] Config initialised 
2018-01-19 02:03:39,619 INFO  [Log] Driver initialised 
2018-01-19 02:03:43,219 INFO  [Log] Navigating to app 
2018-01-19 02:03:48,884 INFO  [Log] Changing month 
2018-01-19 02:03:52,966 INFO  [Log] Asserting month 
2018-01-19 02:03:53,074 INFO  [Log] TEST PASSED 
2018-01-19 02:03:53,081 INFO  [Log] **************************************************************************************** 
2018-01-19 02:03:53,081 INFO  [Log] **                    END OF TEST EXECUTION Calendar_Month_TC01                      ** 
2018-01-19 02:03:53,081 INFO  [Log] **************************************************************************************** 
2018-01-19 12:15:57,687 INFO  [Log] **************************************************************************************** 
2018-01-19 12:15:57,688 INFO  [Log] **                    START TEST EXECUTION Calendar_Month_TC01                       ** 
2018-01-19 12:15:57,688 INFO  [Log] **************************************************************************************** 
2018-01-19 12:15:57,689 INFO  [Log] Config initialised 
2018-01-19 12:16:24,458 INFO  [Log] Driver initialised 
2018-01-19 12:16:28,147 INFO  [Log] Navigating to app 
2018-01-19 12:16:31,111 INFO  [Log] Changing month 
2018-01-19 12:16:36,478 INFO  [Log] Asserting month 
2018-01-19 12:16:36,566 INFO  [Log] TEST PASSED 
2018-01-19 12:16:36,572 INFO  [Log] **************************************************************************************** 
2018-01-19 12:16:36,573 INFO  [Log] **                    END OF TEST EXECUTION Calendar_Month_TC01                      ** 
2018-01-19 12:16:36,573 INFO  [Log] **************************************************************************************** 
